[INFO] Scanning for projects...
[INFO] 
[INFO] --------------< com.minesweeper:minesweeper-competitivo >---------------
[INFO] Building minesweeper-competitivo 1.0-SNAPSHOT
[INFO]   from pom.xml
[INFO] --------------------------------[ jar ]---------------------------------
[INFO] 
[INFO] --- clean:3.2.0:clean (default-clean) @ minesweeper-competitivo ---
[INFO] Deleting C:\Users\edwar\Projects\java-minesweeper\target
[INFO] ------------------------------------------------------------------------
[INFO] BUILD FAILURE
[INFO] ------------------------------------------------------------------------
[INFO] Total time:  1.376 s
[INFO] Finished at: 2026-03-08T02:13:57+01:00
[INFO] ------------------------------------------------------------------------
[ERROR] Failed to execute goal org.apache.maven.plugins:maven-clean-plugin:3.2.0:clean (default-clean) on project minesweeper-competitivo: Failed to clean project: Failed to delete C:\Users\edwar\Projects\java-minesweeper\target\MinesweeperCompetitivo.exe -> [Help 1]
[ERROR] 
[ERROR] To see the full stack trace of the errors, re-run Maven with the -e switch.
[ERROR] Re-run Maven using the -X switch to enable full debug logging.
[ERROR] 
[ERROR] For more information about the errors and possible solutions, please read the following articles:
[ERROR] [Help 1] http://cwiki.apache.org/confluence/display/MAVEN/MojoExecutionException
